This is LuaHBTeX, Version 1.17.0 (TeX Live 2023)  (format=lualatex 2023.9.17)  6 MAR 2024 22:55
 restricted system commands enabled.
**ch3.tex
(./ch3.tex
LaTeX2e <2023-06-01> patch level 1
L3 programming layer <2023-08-29>
Lua module: luaotfload 2023-08-31 3.26 Lua based OpenType font support
Lua module: lualibs 2023-07-13 2.76 ConTeXt Lua standard libraries.
Lua module: lualibs-extended 2023-07-13 2.76 ConTeXt Lua libraries -- extended c
ollection.
luaotfload | conf : Root cache directory is "C:/texlive/2023/texmf-var/luatex-ca
che/generic/names".
luaotfload | init : Loading fontloader "fontloader-2023-08-19.lua" from kpse-res
olved path "c:/texlive/2023/texmf-dist/tex/luatex/luaotfload/fontloader-2023-08-
19.lua".
Lua-only attribute luaotfload@noligature = 1
luaotfload | init : Context OpenType loader version 3.133
Inserting `luaotfload.node_processor' in `pre_linebreak_filter'.
Inserting `luaotfload.node_processor' in `hpack_filter'.
Inserting `luaotfload.glyph_stream' in `glyph_stream_provider'.
Inserting `luaotfload.define_font' in `define_font'.
Lua-only attribute luaotfload_color_attribute = 2
luaotfload | conf : Root cache directory is "C:/texlive/2023/texmf-var/luatex-ca
che/generic/names".
Inserting `luaotfload.harf.strip_prefix' in `find_opentype_file'.
Inserting `luaotfload.harf.strip_prefix' in `find_truetype_file'.
Removing  `luaotfload.glyph_stream' from `glyph_stream_provider'.
Inserting `luaotfload.harf.glyphstream' in `glyph_stream_provider'.
Inserting `luaotfload.harf.finalize_vlist' in `post_linebreak_filter'.
Inserting `luaotfload.harf.finalize_hlist' in `hpack_filter'.
Inserting `luaotfload.cleanup_files' in `wrapup_run'.
Inserting `luaotfload.harf.finalize_unicode' in `finish_pdffile'.
Inserting `luaotfload.glyphinfo' in `glyph_info'.
Lua-only attribute luaotfload.letterspace_done = 3
Inserting `luaotfload.aux.set_sscale_dimens' in `luaotfload.patch_font'.
Inserting `luaotfload.aux.set_font_index' in `luaotfload.patch_font'.
Inserting `luaotfload.aux.patch_cambria_domh' in `luaotfload.patch_font'.
Inserting `luaotfload.aux.fixup_fontdata' in `luaotfload.patch_font_unsafe'.
Inserting `luaotfload.aux.set_capheight' in `luaotfload.patch_font'.
Inserting `luaotfload.aux.set_xheight' in `luaotfload.patch_font'.
Inserting `luaotfload.rewrite_fontname' in `luaotfload.patch_font'.
Inserting `tracingstacklevels' in `input_level_string'.

! LaTeX Error: Missing \begin{document}.

See the LaTeX manual or LaTeX Companion for explanation.
Type  H <return>  for immediate help.
 ...                                              
                                                  
l.1 $
   $Underpricing = \frac{Closing \,\, Price - Open \,\, Price}{Open \,\, Pri...
You're in trouble here.  Try typing  <return>  to proceed.
If that doesn't work, type  X <return>  to quit.


Overfull \hbox (20.0pt too wide) in paragraph at lines 1--1
[] 
 []

LaTeX Font Info:    External font `cmex10' loaded for size
(Font)              <7> on input line 1.
LaTeX Font Info:    External font `cmex10' loaded for size
(Font)              <5> on input line 1.

Overfull \hbox (346.70201pt too wide) detected at line 1
\OML/cmm/m/it/10 Underpricing \OT1/cmr/m/n/10 = []\OML/cmm/m/it/10 ;     Spread \OT1/cmr/m/n/10 = \OML/cmm/m/it/10 Price[] \OMS/cmsy/m/n/10 ^^@ \OML/cmm/m/it/10 Price[]
 []


Overfull \hbox (289.35274pt too wide) detected at line 2
\OML/cmm/m/it/10 Margin[] \OT1/cmr/m/n/10 = []\OML/cmm/m/it/10 ;      Max  \OT1
/cmr/m/n/10 %  \OML/cmm/m/it/10 can  borrow \OT1/cmr/m/n/10 = (1 \OMS/cmsy/m/n/
10 ^^@ \OML/cmm/m/it/10 IMR\OT1/cmr/m/n/10 )
 []

)
! Emergency stop.
<*> ch3.tex
        
*** (job aborted, no legal \end found)



Here is how much of LuaTeX's memory you used:
 21 strings out of 477259
 100000,1977958 words of node,token memory allocated 2116 words of node memory still in use:
   22 hlist, 2 vlist, 2 rule, 2 local_par, 1 dir, 57 glue, 50 kern, 5 penalty, 1
26 glyph, 14 attribute, 39 glue_spec, 14 attribute_list, 1 temp nodes
   avail lists: 1:1,3:70,4:1,5:2,8:71
 21423 multiletter control sequences out of 65536+600000
 24 fonts using 1213367 bytes
 17i,2n,18p,166b,61s stack positions out of 10000i,1000n,20000p,200000b,200000s
!  ==> Fatal error occurred, no output PDF file produced!
